Warning: You are sending unauthenticated requests to the HF Hub. Please set a HF_TOKEN to enable higher rate limits and faster downloads.
FA4 backend only supports page size 128 for non-MLA model architectures, changing page_size from None to 128.
FlashInfer TRTLLM MoE is enabled. --disable-shared-experts-fusion is automatically set.
Failed to load legacy DeepGEMM A100 Triton kernels: dynamic module does not define module export function (PyInit__C)
Process Process-1:
Traceback (most recent call last):
  File "/usr/lib/python3.12/multiprocessing/process.py", line 314, in _bootstrap
    self.run()
  File "/usr/lib/python3.12/multiprocessing/process.py", line 108, in run
    self._target(*self._args, **self._kwargs)
  File "/home/radixark/yushengsu/sglang/python/sglang/test/bench_one_batch_server_internal.py", line 368, in launch_server_internal
    raise e
  File "/home/radixark/yushengsu/sglang/python/sglang/test/bench_one_batch_server_internal.py", line 366, in launch_server_internal
    launch_server_func(server_args)
  File "/home/radixark/yushengsu/sglang/python/sglang/srt/entrypoints/http_server.py", line 2345, in launch_server
    ) = Engine._launch_subprocesses(
        ^^^^^^^^^^^^^^^^^^^^^^^^^^^^
  File "/home/radixark/yushengsu/sglang/python/sglang/srt/entrypoints/engine.py", line 756, in _launch_subprocesses
    _set_envs_and_config(server_args)
  File "/home/radixark/yushengsu/sglang/python/sglang/srt/entrypoints/engine.py", line 1265, in _set_envs_and_config
    assert_pkg_version(
  File "/home/radixark/yushengsu/sglang/python/sglang/srt/utils/common.py", line 1091, in assert_pkg_version
    raise Exception(
Exception: sglang-kernel is installed with version 0.4.2.post1, which is less than the minimum required version 0.4.2.post2. Please reinstall the latest version with `pip install sglang-kernel --force-reinstall`
Traceback (most recent call last):
  File "<frozen runpy>", line 198, in _run_module_as_main
  File "<frozen runpy>", line 88, in _run_code
  File "/home/radixark/yushengsu/sglang/python/sglang/bench_one_batch_server.py", line 49, in <module>
    run_benchmark(server_args, bench_args)
  File "/home/radixark/yushengsu/sglang/python/sglang/bench_one_batch_server.py", line 26, in run_benchmark
    results, server_info = run_benchmark_internal(server_args, bench_args)
                           ^^^^^^^^^^^^^^^^^^^^^^^^^^^^^^^^^^^^^^^^^^^^^^^
  File "/home/radixark/yushengsu/sglang/python/sglang/test/bench_one_batch_server_internal.py", line 879, in run_benchmark_internal
    proc, base_url = launch_server_process(launch_server_func, server_args)
                     ^^^^^^^^^^^^^^^^^^^^^^^^^^^^^^^^^^^^^^^^^^^^^^^^^^^^^^
  File "/home/radixark/yushengsu/sglang/python/sglang/test/bench_one_batch_server_internal.py", line 398, in launch_server_process
    raise TimeoutError("Server failed to start within the timeout period.")
TimeoutError: Server failed to start within the timeout period.
