Warning: You are sending unauthenticated requests to the HF Hub. Please set a HF_TOKEN to enable higher rate limits and faster downloads.
FA4 backend only supports page size 128 for non-MLA model architectures, changing page_size from None to 128.
Failed to load legacy DeepGEMM A100 Triton kernels: dynamic module does not define module export function (PyInit__C)
Process Process-1:
Traceback (most recent call last):
  File "/usr/lib/python3.12/multiprocessing/process.py", line 314, in _bootstrap
    self.run()
  File "/usr/lib/python3.12/multiprocessing/process.py", line 108, in run
    self._target(*self._args, **self._kwargs)
  File "/home/radixark/yushengsu/sglang/python/sglang/test/bench_one_batch_server_internal.py", line 368, in launch_server_internal
    raise e
  File "/home/radixark/yushengsu/sglang/python/sglang/test/bench_one_batch_server_internal.py", line 366, in launch_server_internal
    launch_server_func(server_args)
  File "/home/radixark/yushengsu/sglang/python/sglang/srt/entrypoints/http_server.py", line 2345, in launch_server
    ) = Engine._launch_subprocesses(
        ^^^^^^^^^^^^^^^^^^^^^^^^^^^^
  File "/home/radixark/yushengsu/sglang/python/sglang/srt/entrypoints/engine.py", line 756, in _launch_subprocesses
    _set_envs_and_config(server_args)
  File "/home/radixark/yushengsu/sglang/python/sglang/srt/entrypoints/engine.py", line 1265, in _set_envs_and_config
    assert_pkg_version(
  File "/home/radixark/yushengsu/sglang/python/sglang/srt/utils/common.py", line 1091, in assert_pkg_version
    raise Exception(
Exception: sglang-kernel is installed with version 0.4.2.post1, which is less than the minimum required version 0.4.2.post2. Please reinstall the latest version with `pip install sglang-kernel --force-reinstall`
max_running_requests_per_dp=128
dp_size=1
skip_max_running_requests_threshold=128
skip_token_capacity_threshold=9104256
#Input tokens: 2048
#Output tokens: 128
batch size: 1
input_len: 2048
output_len: 128
latency: 6.80 s
input throughput: 357.36 tok/s
output throughput: 119.25 tok/s
last_ttft: 5.73 s
last generation throughput: 236.27 tok/s
#Input tokens: 262144
#Output tokens: 16384
batch size: 128
input_len: 2048
output_len: 128
latency: 4.84 s
input throughput: 82626.06 tok/s
output throughput: 9809.19 tok/s
last_ttft: 3.17 s
last generation throughput: 9860.72 tok/s
#Input tokens: 2048
#Output tokens: 128
Dump profiling traces to /home/radixark/yushengsu/perf_results_comp/2026-05-17_12-48-02/profile_lora/1779022222.398738
Waiting for 5 steps and the trace to be flushed.... (profile_by_stage=False)
batch size: 1
input_len: 2048
output_len: 128
latency: 3.31 s
input throughput: 917.81 tok/s
output throughput: 118.18 tok/s
last_ttft: 2.23 s
last generation throughput: 234.19 tok/s
#Input tokens: 262144
#Output tokens: 16384
Dump profiling traces to /home/radixark/yushengsu/perf_results_comp/2026-05-17_12-48-02/profile_lora/1779022229.1331835
Waiting for 5 steps and the trace to be flushed.... (profile_by_stage=False)
batch size: 128
input_len: 2048
output_len: 128
latency: 22.16 s
input throughput: 13115.77 tok/s
output throughput: 7528.08 tok/s
last_ttft: 19.99 s
last generation throughput: 9831.02 tok/s

Results are saved to /home/radixark/yushengsu/perf_results_comp/2026-05-17_12-48-02/lora.jsonl

Input lens: [2048]. Output lens: [128].
|   batch size |   input len |   latency (s) |   input throughput (tok/s) |   output throughput (tok/s) | acc length   |   ITL (ms) |   input cost ($/1M) |   output cost ($/1M) | cache hit rate   | profile                                                                                                   |
|--------------|-------------|---------------|----------------------------|-----------------------------|--------------|------------|---------------------|----------------------|------------------|-----------------------------------------------------------------------------------------------------------|
|            1 |        2048 |          6.8  |                     357.36 |                      119.25 | n/a          |       8.39 |               17.77 |                37.27 | n/a              | [Profile](/home/radixark/yushengsu/perf_results_comp/2026-05-17_12-48-02/profile_lora/1779022222.398738)  |
|          128 |        2048 |          4.84 |                   82626.1  |                     9809.19 | n/a          |      13.05 |                0.08 |                 0.45 | n/a              | [Profile](/home/radixark/yushengsu/perf_results_comp/2026-05-17_12-48-02/profile_lora/1779022229.1331835) |

